2026-04-23 14:06:55,729 file: tool_utils.py func: tool_utils line No: 77 log will be stored in /home/demo/tianbot_ws/hb_mapper_checker.log
2026-04-23 14:06:55,729 file: hb_mapper.py func: hb_mapper line No: 72 Start hb_mapper....
2026-04-23 14:06:55,729 file: hb_mapper.py func: hb_mapper line No: 73 hbdk version 3.49.15
2026-04-23 14:06:55,729 file: hb_mapper.py func: hb_mapper line No: 74 horizon_nn version 1.1.0
2026-04-23 14:06:55,729 file: hb_mapper.py func: hb_mapper line No: 75 hb_mapper version 1.24.3
2026-04-23 14:06:55,750 file: onnx_parser.py func: onnx_parser line No: 39 Model input names: ['images']
2026-04-23 14:06:55,751 file: hb_mapper_checker.py func: hb_mapper_checker line No: 106 Model type: onnx
2026-04-23 14:06:55,751 file: hb_mapper_checker.py func: hb_mapper_checker line No: 107 march: bayes-e
2026-04-23 14:06:55,751 file: hb_mapper_checker.py func: hb_mapper_checker line No: 112 input names []
2026-04-23 14:06:55,751 file: hb_mapper_checker.py func: hb_mapper_checker line No: 113 input shapes {}
2026-04-23 14:06:55,751 file: hb_mapper_checker.py func: hb_mapper_checker line No: 119 Begin model checking....
2026-04-23 14:06:55,762 file: model_builder.py func: model_builder line No: 35 Start to Horizon NN Model Convert.
2026-04-23 14:06:55,773 file: model_debugger.py func: model_debugger line No: 67 Loading horizon_nn debug methods:set()
2026-04-23 14:06:55,773 file: quantization_config.py func: quantization_config line No: 305 The activation calibration parameters:
    calibration_type:     fixed
2026-04-23 14:06:55,774 file: model_builder.py func: model_builder line No: 197 The specified model compilation architecture: bayes-e.
2026-04-23 14:06:55,774 file: model_builder.py func: model_builder line No: 207 The specified model compilation optimization parameters: [].
2026-04-23 14:06:55,774 file: model_builder.py func: model_builder line No: 35 Start to prepare the onnx model.
2026-04-23 14:06:55,784 file: prepare.py func: prepare line No: 106 Input ONNX Model Information:
ONNX IR version:          5
Opset version:            ['ai.onnx v10', 'horizon v1']
Producer:                 pytorch v2.3.1
Domain:                   None
Version:                  None
Graph input:
    images:               shape=[1, 3, 640, 640], dtype=FLOAT32
Graph output:
    output0:              shape=[1, 5, 8400], dtype=FLOAT32
2026-04-23 14:06:55,845 file: prepare.py func: prepare line No: 131 The original model's opset version is 10, try converting to opset 11.
2026-04-23 14:06:55,925 file: model_builder.py func: model_builder line No: 38 End to prepare the onnx model.
2026-04-23 14:06:55,943 file: model_builder.py func: model_builder line No: 265 Saving model to: ./.hb_check/original_float_model.onnx.
2026-04-23 14:06:55,943 file: model_builder.py func: model_builder line No: 35 Start to optimize the onnx model.
2026-04-23 14:06:56,055 file: constant_folding.py func: constant_folding line No: 66 Summary info for constant_folding:
2026-04-23 14:06:56,055 file: constant_folding.py func: constant_folding line No: 67   After constant_folding, the number of nodes has changed from 264 to 251.
2026-04-23 14:06:56,056 file: constant_folding.py func: constant_folding line No: 71   After constant_folding, the number of parameters has changed from 2726604 to 2726604.
2026-04-23 14:06:56,056 file: constant_folding.py func: constant_folding line No: 76 Detailed info for constant_folding:
2026-04-23 14:06:56,056 file: constant_folding.py func: constant_folding line No: 88 
2026-04-23 14:06:56,268 file: model_builder.py func: model_builder line No: 38 End to optimize the onnx model.
2026-04-23 14:06:56,283 file: model_builder.py func: model_builder line No: 265 Saving model to: ./.hb_check/optimized_float_model.onnx.
2026-04-23 14:06:56,283 file: model_builder.py func: model_builder line No: 35 Start to calibrate the model.
2026-04-23 14:06:56,371 file: tool_utils.py func: tool_utils line No: 321 The input0 of Node(name:/model.22/dfl/Softmax, type:Softmax) does not support data type: int16
2026-04-23 14:06:56,394 file: tool_utils.py func: tool_utils line No: 321 The input0 of Node(name:/model.22/dfl/Softmax, type:Softmax) does not support data type: int8
2026-04-23 14:06:56,400 file: calibration_data_set.py func: calibration_data_set line No: 111 input name: images,  number_of_samples: 1
2026-04-23 14:06:56,400 file: calibration_data_set.py func: calibration_data_set line No: 123 There are 1 samples in the data set.
2026-04-23 14:06:56,400 file: fixed_calibrater.py func: fixed_calibrater line No: 31 Run calibration model with fixed thresholds method.
2026-04-23 14:06:56,625 file: model_builder.py func: model_builder line No: 38 End to calibrate the model.
2026-04-23 14:06:56,674 file: model_builder.py func: model_builder line No: 265 Saving model to: ./.hb_check/calibrated_model.onnx.
2026-04-23 14:06:56,674 file: model_builder.py func: model_builder line No: 35 Start to quantize the model.
2026-04-23 14:06:57,583 file: constant_folding.py func: constant_folding line No: 66 Summary info for constant_folding:
2026-04-23 14:06:57,583 file: constant_folding.py func: constant_folding line No: 67   After constant_folding, the number of nodes has changed from 200 to 198.
2026-04-23 14:06:57,583 file: constant_folding.py func: constant_folding line No: 71   After constant_folding, the number of parameters has changed from 2748754 to 2748754.
2026-04-23 14:06:57,583 file: constant_folding.py func: constant_folding line No: 76 Detailed info for constant_folding:
2026-04-23 14:06:57,583 file: constant_folding.py func: constant_folding line No: 88   After folding node (op_name: /model.22/Sub_NCHW2NHWC_LayoutConvert_Input0, op_type: Transpose), the number of increased parameters is 0.
  After folding node (op_name: /model.22/Add_NCHW2NHWC_LayoutConvert_Input0, op_type: Transpose), the number of increased parameters is 0.
2026-04-23 14:06:57,608 file: model_builder.py func: model_builder line No: 38 End to quantize the model.
2026-04-23 14:06:57,632 file: model_builder.py func: model_builder line No: 265 Saving model to: ./.hb_check/quantized_model.onnx.
2026-04-23 14:06:57,632 file: model_builder.py func: model_builder line No: 35 Start to compile the model with march bayes-e.
2026-04-23 14:06:57,797 file: hybrid_build.py func: hybrid_build line No: 111 Compile submodel: main_graph_subgraph_0
2026-04-23 14:06:57,810 file: hbdk_cc.py func: hbdk_cc line No: 126 hbdk-cc parameters:['--input-layout', 'NHWC', '--output-layout', 'NHWC']
2026-04-23 14:06:57,810 file: hbdk_cc.py func: hbdk_cc line No: 127 hbdk-cc command used:hbdk-cc -f hbir -m /tmp/tmp3g1v9546/main_graph_subgraph_0.hbir -o /tmp/tmp3g1v9546/main_graph_subgraph_0.hbm --march bayes-e --progressbar --input-layout NHWC --output-layout NHWC
2026-04-23 14:06:58,547 file: tool_utils.py func: tool_utils line No: 326 consumed time 0.707148
2026-04-23 14:06:58,600 file: tool_utils.py func: tool_utils line No: 326 FPS=33.29, latency = 30037.3 us, DDR = 191372128 bytes   (see ./.hb_check/main_graph_subgraph_0.html)
2026-04-23 14:06:58,602 file: hybrid_build.py func: hybrid_build line No: 111 Compile submodel: main_graph_subgraph_1
2026-04-23 14:06:58,605 file: hbdk_cc.py func: hbdk_cc line No: 126 hbdk-cc parameters:['--input-layout', 'NHWC', '--output-layout', 'NHWC']
2026-04-23 14:06:58,605 file: hbdk_cc.py func: hbdk_cc line No: 127 hbdk-cc command used:hbdk-cc -f hbir -m /tmp/tmp3g1v9546/main_graph_subgraph_1.hbir -o /tmp/tmp3g1v9546/main_graph_subgraph_1.hbm --march bayes-e --progressbar --input-layout NHWC --output-layout NHWC
2026-04-23 14:07:04,018 file: tool_utils.py func: tool_utils line No: 326 consumed time 5.3995
2026-04-23 14:07:04,044 file: tool_utils.py func: tool_utils line No: 326 FPS=117.41, latency = 8517.0 us, DDR = 47180480 bytes   (see ./.hb_check/main_graph_subgraph_1.html)
2026-04-23 14:07:04,143 file: model_builder.py func: model_builder line No: 38 End to compile the model with march bayes-e.
2026-04-23 14:07:04,148 file: print_info_dict.py func: print_info_dict line No: 72 The main quantized node information:
====================================================================================================================================
Node                                              ON   Subgraph  Type                       Cosine Similarity  Threshold  DataType  
------------------------------------------------------------------------------------------------------------------------------------
/model.0/conv/Conv                                BPU  id(0)     HzSQuantizedConv           --                 1.0        int8      
/model.0/act/Mul                                  BPU  id(0)     HzLut                      --                 1.0        int8      
/model.1/conv/Conv                                BPU  id(0)     HzSQuantizedConv           --                 1.0        int8      
/model.1/act/Mul                                  BPU  id(0)     HzLut                      --                 1.0        int8      
/model.2/cv1/conv/Conv                            BPU  id(0)     HzSQuantizedConv           --                 1.0        int8      
/model.2/cv1/act/Mul                              BPU  id(0)     HzLut                      --                 1.0        int8      
/model.2/Split                                    BPU  id(0)     Split                      --                 1.0        int8      
/model.2/m.0/cv1/conv/Conv                        BPU  id(0)     HzSQuantizedConv           --                 1.0        int8      
/model.2/m.0/cv1/act/Mul                          BPU  id(0)     HzLut                      --                 1.0        int8      
/model.2/m.0/cv2/conv/Conv                        BPU  id(0)     HzSQuantizedConv           --                 1.0        int8      
/model.2/m.0/cv2/act/Mul                          BPU  id(0)     HzLut                      --                 1.0        int8      
/model.2/m.0/Add                                  BPU  id(0)     HzSElementwiseAdd          --                 1.0        int8      
/model.2/Concat                                   BPU  id(0)     Concat                     --                 1.0        int8      
/model.2/cv2/conv/Conv                            BPU  id(0)     HzSQuantizedConv           --                 1.0        int8      
/model.2/cv2/act/Mul                              BPU  id(0)     HzLut                      --                 1.0        int8      
/model.3/conv/Conv                                BPU  id(0)     HzSQuantizedConv           --                 1.0        int8      
/model.3/act/Mul                                  BPU  id(0)     HzLut                      --                 1.0        int8      
/model.4/cv1/conv/Conv                            BPU  id(0)     HzSQuantizedConv           --                 1.0        int8      
/model.4/cv1/act/Mul                              BPU  id(0)     HzLut                      --                 1.0        int8      
/model.4/Split                                    BPU  id(0)     Split                      --                 1.0        int8      
/model.4/m.0/cv1/conv/Conv                        BPU  id(0)     HzSQuantizedConv           --                 1.0        int8      
/model.4/m.0/cv1/act/Mul                          BPU  id(0)     HzLut                      --                 1.0        int8      
/model.4/m.0/cv2/conv/Conv                        BPU  id(0)     HzSQuantizedConv           --                 1.0        int8      
/model.4/m.0/cv2/act/Mul                          BPU  id(0)     HzLut                      --                 1.0        int8      
/model.4/m.0/Add                                  BPU  id(0)     HzSElementwiseAdd          --                 1.0        int8      
/model.4/m.1/cv1/conv/Conv                        BPU  id(0)     HzSQuantizedConv           --                 1.0        int8      
/model.4/m.1/cv1/act/Mul                          BPU  id(0)     HzLut                      --                 1.0        int8      
/model.4/m.1/cv2/conv/Conv                        BPU  id(0)     HzSQuantizedConv           --                 1.0        int8      
/model.4/m.1/cv2/act/Mul                          BPU  id(0)     HzLut                      --                 1.0        int8      
/model.4/m.1/Add                                  BPU  id(0)     HzSElementwiseAdd          --                 1.0        int8      
/model.4/Concat                                   BPU  id(0)     Concat                     --                 1.0        int8      
/model.4/cv2/conv/Conv                            BPU  id(0)     HzSQuantizedConv           --                 1.0        int8      
/model.4/cv2/act/Mul                              BPU  id(0)     HzLut                      --                 1.0        int8      
/model.5/conv/Conv                                BPU  id(0)     HzSQuantizedConv           --                 1.0        int8      
/model.5/act/Mul                                  BPU  id(0)     HzLut                      --                 1.0        int8      
/model.6/cv1/conv/Conv                            BPU  id(0)     HzSQuantizedConv           --                 1.0        int8      
/model.6/cv1/act/Mul                              BPU  id(0)     HzLut                      --                 1.0        int8      
/model.6/Split                                    BPU  id(0)     Split                      --                 1.0        int8      
/model.6/m.0/cv1/conv/Conv                        BPU  id(0)     HzSQuantizedConv           --                 1.0        int8      
/model.6/m.0/cv1/act/Mul                          BPU  id(0)     HzLut                      --                 1.0        int8      
/model.6/m.0/cv2/conv/Conv                        BPU  id(0)     HzSQuantizedConv           --                 1.0        int8      
/model.6/m.0/cv2/act/Mul                          BPU  id(0)     HzLut                      --                 1.0        int8      
/model.6/m.0/Add                                  BPU  id(0)     HzSElementwiseAdd          --                 1.0        int8      
/model.6/m.1/cv1/conv/Conv                        BPU  id(0)     HzSQuantizedConv           --                 1.0        int8      
/model.6/m.1/cv1/act/Mul                          BPU  id(0)     HzLut                      --                 1.0        int8      
/model.6/m.1/cv2/conv/Conv                        BPU  id(0)     HzSQuantizedConv           --                 1.0        int8      
/model.6/m.1/cv2/act/Mul                          BPU  id(0)     HzLut                      --                 1.0        int8      
/model.6/m.1/Add                                  BPU  id(0)     HzSElementwiseAdd          --                 1.0        int8      
/model.6/Concat                                   BPU  id(0)     Concat                     --                 1.0        int8      
/model.6/cv2/conv/Conv                            BPU  id(0)     HzSQuantizedConv           --                 1.0        int8      
/model.6/cv2/act/Mul                              BPU  id(0)     HzLut                      --                 1.0        int8      
/model.7/conv/Conv                                BPU  id(0)     HzSQuantizedConv           --                 1.0        int8      
/model.7/act/Mul                                  BPU  id(0)     HzLut                      --                 1.0        int8      
/model.8/cv1/conv/Conv                            BPU  id(0)     HzSQuantizedConv           --                 1.0        int8      
/model.8/cv1/act/Mul                              BPU  id(0)     HzLut                      --                 1.0        int8      
/model.8/Split                                    BPU  id(0)     Split                      --                 1.0        int8      
/model.8/m.0/cv1/conv/Conv                        BPU  id(0)     HzSQuantizedConv           --                 1.0        int8      
/model.8/m.0/cv1/act/Mul                          BPU  id(0)     HzLut                      --                 1.0        int8      
/model.8/m.0/cv2/conv/Conv                        BPU  id(0)     HzSQuantizedConv           --                 1.0        int8      
/model.8/m.0/cv2/act/Mul                          BPU  id(0)     HzLut                      --                 1.0        int8      
/model.8/m.0/Add                                  BPU  id(0)     HzSElementwiseAdd          --                 1.0        int8      
/model.8/Concat                                   BPU  id(0)     Concat                     --                 1.0        int8      
/model.8/cv2/conv/Conv                            BPU  id(0)     HzSQuantizedConv           --                 1.0        int8      
/model.8/cv2/act/Mul                              BPU  id(0)     HzLut                      --                 1.0        int8      
/model.9/cv1/conv/Conv                            BPU  id(0)     HzSQuantizedConv           --                 1.0        int8      
/model.9/cv1/act/Mul                              BPU  id(0)     HzLut                      --                 1.0        int8      
/model.9/m/MaxPool                                BPU  id(0)     HzQuantizedMaxPool         --                 1.0        int8      
/model.9/m_1/MaxPool                              BPU  id(0)     HzQuantizedMaxPool         --                 1.0        int8      
/model.9/m_2/MaxPool                              BPU  id(0)     HzQuantizedMaxPool         --                 1.0        int8      
/model.9/Concat                                   BPU  id(0)     Concat                     --                 1.0        int8      
/model.9/cv2/conv/Conv                            BPU  id(0)     HzSQuantizedConv           --                 1.0        int8      
/model.9/cv2/act/Mul                              BPU  id(0)     HzLut                      --                 1.0        int8      
/model.10/Resize                                  BPU  id(0)     HzQuantizedResizeUpsample  --                 1.0        int8      
/model.11/Concat                                  BPU  id(0)     Concat                     --                 1.0        int8      
/model.12/cv1/conv/Conv                           BPU  id(0)     HzSQuantizedConv           --                 1.0        int8      
/model.12/cv1/act/Mul                             BPU  id(0)     HzLut                      --                 1.0        int8      
/model.12/Split                                   BPU  id(0)     Split                      --                 1.0        int8      
/model.12/m.0/cv1/conv/Conv                       BPU  id(0)     HzSQuantizedConv           --                 1.0        int8      
/model.12/m.0/cv1/act/Mul                         BPU  id(0)     HzLut                      --                 1.0        int8      
/model.12/m.0/cv2/conv/Conv                       BPU  id(0)     HzSQuantizedConv           --                 1.0        int8      
/model.12/m.0/cv2/act/Mul                         BPU  id(0)     HzLut                      --                 1.0        int8      
/model.12/Concat                                  BPU  id(0)     Concat                     --                 1.0        int8      
/model.12/cv2/conv/Conv                           BPU  id(0)     HzSQuantizedConv           --                 1.0        int8      
/model.12/cv2/act/Mul                             BPU  id(0)     HzLut                      --                 1.0        int8      
/model.13/Resize                                  BPU  id(0)     HzQuantizedResizeUpsample  --                 1.0        int8      
/model.14/Concat                                  BPU  id(0)     Concat                     --                 1.0        int8      
/model.15/cv1/conv/Conv                           BPU  id(0)     HzSQuantizedConv           --                 1.0        int8      
/model.15/cv1/act/Mul                             BPU  id(0)     HzLut                      --                 1.0        int8      
/model.15/Split                                   BPU  id(0)     Split                      --                 1.0        int8      
/model.15/m.0/cv1/conv/Conv                       BPU  id(0)     HzSQuantizedConv           --                 1.0        int8      
/model.15/m.0/cv1/act/Mul                         BPU  id(0)     HzLut                      --                 1.0        int8      
/model.15/m.0/cv2/conv/Conv                       BPU  id(0)     HzSQuantizedConv           --                 1.0        int8      
/model.15/m.0/cv2/act/Mul                         BPU  id(0)     HzLut                      --                 1.0        int8      
/model.15/Concat                                  BPU  id(0)     Concat                     --                 1.0        int8      
/model.15/cv2/conv/Conv                           BPU  id(0)     HzSQuantizedConv           --                 1.0        int8      
/model.15/cv2/act/Mul                             BPU  id(0)     HzLut                      --                 1.0        int8      
/model.16/conv/Conv                               BPU  id(0)     HzSQuantizedConv           --                 1.0        int8      
/model.16/act/Mul                                 BPU  id(0)     HzLut                      --                 1.0        int8      
/model.17/Concat                                  BPU  id(0)     Concat                     --                 1.0        int8      
/model.18/cv1/conv/Conv                           BPU  id(0)     HzSQuantizedConv           --                 1.0        int8      
/model.18/cv1/act/Mul                             BPU  id(0)     HzLut                      --                 1.0        int8      
/model.18/Split                                   BPU  id(0)     Split                      --                 1.0        int8      
/model.18/m.0/cv1/conv/Conv                       BPU  id(0)     HzSQuantizedConv           --                 1.0        int8      
/model.18/m.0/cv1/act/Mul                         BPU  id(0)     HzLut                      --                 1.0        int8      
/model.18/m.0/cv2/conv/Conv                       BPU  id(0)     HzSQuantizedConv           --                 1.0        int8      
/model.18/m.0/cv2/act/Mul                         BPU  id(0)     HzLut                      --                 1.0        int8      
/model.18/Concat                                  BPU  id(0)     Concat                     --                 1.0        int8      
/model.18/cv2/conv/Conv                           BPU  id(0)     HzSQuantizedConv           --                 1.0        int8      
/model.18/cv2/act/Mul                             BPU  id(0)     HzLut                      --                 1.0        int8      
/model.19/conv/Conv                               BPU  id(0)     HzSQuantizedConv           --                 1.0        int8      
/model.19/act/Mul                                 BPU  id(0)     HzLut                      --                 1.0        int8      
/model.20/Concat                                  BPU  id(0)     Concat                     --                 1.0        int8      
/model.21/cv1/conv/Conv                           BPU  id(0)     HzSQuantizedConv           --                 1.0        int8      
/model.21/cv1/act/Mul                             BPU  id(0)     HzLut                      --                 1.0        int8      
/model.21/Split                                   BPU  id(0)     Split                      --                 1.0        int8      
/model.21/m.0/cv1/conv/Conv                       BPU  id(0)     HzSQuantizedConv           --                 1.0        int8      
/model.21/m.0/cv1/act/Mul                         BPU  id(0)     HzLut                      --                 1.0        int8      
/model.21/m.0/cv2/conv/Conv                       BPU  id(0)     HzSQuantizedConv           --                 1.0        int8      
/model.21/m.0/cv2/act/Mul                         BPU  id(0)     HzLut                      --                 1.0        int8      
/model.21/Concat                                  BPU  id(0)     Concat                     --                 1.0        int8      
/model.21/cv2/conv/Conv                           BPU  id(0)     HzSQuantizedConv           --                 1.0        int8      
/model.21/cv2/act/Mul                             BPU  id(0)     HzLut                      --                 1.0        int8      
/model.22/cv2.0/cv2.0.0/conv/Conv                 BPU  id(0)     HzSQuantizedConv           --                 1.0        int8      
/model.22/cv2.0/cv2.0.0/act/Mul                   BPU  id(0)     HzLut                      --                 1.0        int8      
/model.22/cv2.0/cv2.0.1/conv/Conv                 BPU  id(0)     HzSQuantizedConv           --                 1.0        int8      
/model.22/cv2.0/cv2.0.1/act/Mul                   BPU  id(0)     HzLut                      --                 1.0        int8      
/model.22/cv2.0/cv2.0.2/Conv                      BPU  id(0)     HzSQuantizedConv           --                 1.0        int8      
/model.22/cv3.0/cv3.0.0/cv3.0.0.0/conv/Conv       BPU  id(0)     HzSQuantizedConv           --                 1.0        int8      
/model.22/cv3.0/cv3.0.0/cv3.0.0.0/act/Mul         BPU  id(0)     HzLut                      --                 1.0        int8      
/model.22/cv3.0/cv3.0.0/cv3.0.0.1/conv/Conv       BPU  id(0)     HzSQuantizedConv           --                 1.0        int8      
/model.22/cv3.0/cv3.0.0/cv3.0.0.1/act/Mul         BPU  id(0)     HzLut                      --                 1.0        int8      
/model.22/cv3.0/cv3.0.1/cv3.0.1.0/conv/Conv       BPU  id(0)     HzSQuantizedConv           --                 1.0        int8      
/model.22/cv3.0/cv3.0.1/cv3.0.1.0/act/Mul         BPU  id(0)     HzLut                      --                 1.0        int8      
/model.22/cv3.0/cv3.0.1/cv3.0.1.1/conv/Conv       BPU  id(0)     HzSQuantizedConv           --                 1.0        int8      
/model.22/cv3.0/cv3.0.1/cv3.0.1.1/act/Mul         BPU  id(0)     HzLut                      --                 1.0        int8      
/model.22/cv3.0/cv3.0.2/Conv                      BPU  id(0)     HzSQuantizedConv           --                 1.0        int8      
/model.22/Concat                                  BPU  id(0)     Concat                     --                 1.0        int16     
/model.22/cv2.1/cv2.1.0/conv/Conv                 BPU  id(0)     HzSQuantizedConv           --                 1.0        int8      
/model.22/cv2.1/cv2.1.0/act/Mul                   BPU  id(0)     HzLut                      --                 1.0        int8      
/model.22/cv2.1/cv2.1.1/conv/Conv                 BPU  id(0)     HzSQuantizedConv           --                 1.0        int8      
/model.22/cv2.1/cv2.1.1/act/Mul                   BPU  id(0)     HzLut                      --                 1.0        int8      
/model.22/cv2.1/cv2.1.2/Conv                      BPU  id(0)     HzSQuantizedConv           --                 1.0        int8      
/model.22/cv3.1/cv3.1.0/cv3.1.0.0/conv/Conv       BPU  id(0)     HzSQuantizedConv           --                 1.0        int8      
/model.22/cv3.1/cv3.1.0/cv3.1.0.0/act/Mul         BPU  id(0)     HzLut                      --                 1.0        int8      
/model.22/cv3.1/cv3.1.0/cv3.1.0.1/conv/Conv       BPU  id(0)     HzSQuantizedConv           --                 1.0        int8      
/model.22/cv3.1/cv3.1.0/cv3.1.0.1/act/Mul         BPU  id(0)     HzLut                      --                 1.0        int8      
/model.22/cv3.1/cv3.1.1/cv3.1.1.0/conv/Conv       BPU  id(0)     HzSQuantizedConv           --                 1.0        int8      
/model.22/cv3.1/cv3.1.1/cv3.1.1.0/act/Mul         BPU  id(0)     HzLut                      --                 1.0        int8      
/model.22/cv3.1/cv3.1.1/cv3.1.1.1/conv/Conv       BPU  id(0)     HzSQuantizedConv           --                 1.0        int8      
/model.22/cv3.1/cv3.1.1/cv3.1.1.1/act/Mul         BPU  id(0)     HzLut                      --                 1.0        int8      
/model.22/cv3.1/cv3.1.2/Conv                      BPU  id(0)     HzSQuantizedConv           --                 1.0        int8      
/model.22/Concat_1                                BPU  id(0)     Concat                     --                 1.0        int16     
/model.22/cv2.2/cv2.2.0/conv/Conv                 BPU  id(0)     HzSQuantizedConv           --                 1.0        int8      
/model.22/cv2.2/cv2.2.0/act/Mul                   BPU  id(0)     HzLut                      --                 1.0        int8      
/model.22/cv2.2/cv2.2.1/conv/Conv                 BPU  id(0)     HzSQuantizedConv           --                 1.0        int8      
/model.22/cv2.2/cv2.2.1/act/Mul                   BPU  id(0)     HzLut                      --                 1.0        int8      
/model.22/cv2.2/cv2.2.2/Conv                      BPU  id(0)     HzSQuantizedConv           --                 1.0        int8      
/model.22/cv3.2/cv3.2.0/cv3.2.0.0/conv/Conv       BPU  id(0)     HzSQuantizedConv           --                 1.0        int8      
/model.22/cv3.2/cv3.2.0/cv3.2.0.0/act/Mul         BPU  id(0)     HzLut                      --                 1.0        int8      
/model.22/cv3.2/cv3.2.0/cv3.2.0.1/conv/Conv       BPU  id(0)     HzSQuantizedConv           --                 1.0        int8      
/model.22/cv3.2/cv3.2.0/cv3.2.0.1/act/Mul         BPU  id(0)     HzLut                      --                 1.0        int8      
/model.22/cv3.2/cv3.2.1/cv3.2.1.0/conv/Conv       BPU  id(0)     HzSQuantizedConv           --                 1.0        int8      
/model.22/cv3.2/cv3.2.1/cv3.2.1.0/act/Mul         BPU  id(0)     HzLut                      --                 1.0        int8      
/model.22/cv3.2/cv3.2.1/cv3.2.1.1/conv/Conv       BPU  id(0)     HzSQuantizedConv           --                 1.0        int8      
/model.22/cv3.2/cv3.2.1/cv3.2.1.1/act/Mul         BPU  id(0)     HzLut                      --                 1.0        int8      
/model.22/cv3.2/cv3.2.2/Conv                      BPU  id(0)     HzSQuantizedConv           --                 1.0        int8      
/model.22/Concat_2                                BPU  id(0)     Concat                     --                 1.0        int16     
/model.22/Reshape                                 BPU  id(0)     Reshape                    --                 1.0        int16     
/model.22/Reshape_1                               BPU  id(0)     Reshape                    --                 1.0        int16     
/model.22/Reshape_2                               BPU  id(0)     Reshape                    --                 1.0        int16     
/model.22/Concat_3                                BPU  id(0)     Concat                     --                 1.0        int16     
/model.22/Split                                   BPU  id(0)     Split                      --                 1.0        int16     
/model.22/dfl/Reshape                             BPU  id(0)     Reshape                    --                 1.0        int16     
/model.22/dfl/Transpose                           BPU  id(0)     Transpose                  --                 1.0        int16     
/model.22/dfl/Softmax                             CPU  --        Softmax                    --                 1.0        float     
/model.22/dfl/conv/Conv                           BPU  id(1)     HzSQuantizedConv           --                 1.0        int8      
/model.22/Split_1                                 BPU  id(1)     Split                      --                 1.0        int8      
/model.22/Sub                                     BPU  id(1)     HzSElementwiseSub          --                 1.0        int8      
/model.22/Add                                     BPU  id(1)     HzSElementwiseAdd          --                 1.0        int8      
/model.22/Add_1                                   BPU  id(1)     HzSElementwiseAdd          --                 1.0        int8      
/model.22/Div_mul                                 BPU  id(1)     HzSQuantizedConv           --                 1.0        int8      
/model.22/Sub_1                                   BPU  id(1)     HzSElementwiseSub          --                 1.0        int8      
/model.22/Concat_4                                BPU  id(1)     Concat                     --                 1.0        int8      
/model.22/Mul                                     BPU  id(1)     HzSElementwiseMul          --                 1.0        int8      
/model.22/Sigmoid                                 BPU  id(0)     HzLut2Layer                --                 1.0        int16     
/model.22/Sigmoid_output_0_calibrated_Requantize  BPU  id(0)     HzRequantize               --                 --         int16     
/model.22/Concat_5                                BPU  id(1)     Concat                     --                 1.0        int16
2026-04-23 14:07:04,148 file: print_info_dict.py func: print_info_dict line No: 72 The quantized model output:
============
Output      
------------
2026-04-23 14:07:04,151 file: model_builder.py func: model_builder line No: 38 End to Horizon NN Model Convert.
2026-04-23 14:07:04,151 file: onnx2horizonrt.py func: onnx2horizonrt line No: 4326 ONNX model output num : 1
2026-04-23 14:07:04,152 file: onnx2horizonrt.py func: onnx2horizonrt line No: 4060 model_deps_info: {'hb_mapper_version': '1.24.3'}
2026-04-23 14:07:04,154 file: hb_mapper_checker.py func: hb_mapper_checker line No: 170 End model checking....
